[2026-04-06 17:34:54Z INFO HostContext] No proxy settings were found based on environmental variables (http_proxy/https_proxy/HTTP_PROXY/HTTPS_PROXY)
[2026-04-06 17:34:54Z INFO HostContext] Well known directory 'Bin': 'C:\Users\llouf\OneDrive\Documents\University\opensource\HW2\actions-runner\bin'
[2026-04-06 17:34:54Z INFO HostContext] Well known directory 'Root': 'C:\Users\llouf\OneDrive\Documents\University\opensource\HW2\actions-runner'
[2026-04-06 17:34:54Z INFO HostContext] Well known config file 'Credentials': 'C:\Users\llouf\OneDrive\Documents\University\opensource\HW2\actions-runner\.credentials'
[2026-04-06 17:34:54Z INFO HostContext] Well known directory 'Bin': 'C:\Users\llouf\OneDrive\Documents\University\opensource\HW2\actions-runner\bin'
[2026-04-06 17:34:54Z INFO HostContext] Well known directory 'Root': 'C:\Users\llouf\OneDrive\Documents\University\opensource\HW2\actions-runner'
[2026-04-06 17:34:54Z INFO HostContext] Well known config file 'Runner': 'C:\Users\llouf\OneDrive\Documents\University\opensource\HW2\actions-runner\.runner'
[2026-04-06 17:34:54Z INFO Listener] Runner is built for Windows (X64) - win-x64.
[2026-04-06 17:34:54Z INFO Listener] RuntimeInformation: Microsoft Windows 10.0.26200.
[2026-04-06 17:34:54Z INFO Listener] Version: 2.333.1
[2026-04-06 17:34:54Z INFO Listener] Commit: 6792966801e8925346735b68c03bf9f347af4646
[2026-04-06 17:34:54Z INFO Listener] Culture: ko-KR
[2026-04-06 17:34:54Z INFO Listener] UI Culture: ko-KR
[2026-04-06 17:34:54Z INFO HostContext] Well known directory 'Bin': 'C:\Users\llouf\OneDrive\Documents\University\opensource\HW2\actions-runner\bin'
[2026-04-06 17:34:54Z INFO HostContext] Well known directory 'Root': 'C:\Users\llouf\OneDrive\Documents\University\opensource\HW2\actions-runner'
[2026-04-06 17:34:54Z INFO Listener] Validating directory permissions for: 'C:\Users\llouf\OneDrive\Documents\University\opensource\HW2\actions-runner'
[2026-04-06 17:34:54Z INFO CommandLineParser] Parse
[2026-04-06 17:34:54Z INFO CommandLineParser] Parsing 1 args
[2026-04-06 17:34:54Z INFO CommandLineParser] parsing argument
[2026-04-06 17:34:54Z INFO CommandLineParser] HasArgs: False
[2026-04-06 17:34:54Z INFO CommandLineParser] Adding Command: run
[2026-04-06 17:34:54Z INFO Listener] Arguments parsed
[2026-04-06 17:34:54Z INFO Runner] ExecuteCommand
[2026-04-06 17:34:54Z INFO ConfigurationStore] currentAssemblyLocation: C:\Users\llouf\OneDrive\Documents\University\opensource\HW2\actions-runner\bin\Runner.Listener.dll
[2026-04-06 17:34:54Z INFO HostContext] Well known directory 'Bin': 'C:\Users\llouf\OneDrive\Documents\University\opensource\HW2\actions-runner\bin'
[2026-04-06 17:34:54Z INFO ConfigurationStore] binPath: C:\Users\llouf\OneDrive\Documents\University\opensource\HW2\actions-runner\bin
[2026-04-06 17:34:54Z INFO HostContext] Well known directory 'Bin': 'C:\Users\llouf\OneDrive\Documents\University\opensource\HW2\actions-runner\bin'
[2026-04-06 17:34:54Z INFO HostContext] Well known directory 'Root': 'C:\Users\llouf\OneDrive\Documents\University\opensource\HW2\actions-runner'
[2026-04-06 17:34:54Z INFO ConfigurationStore] RootFolder: C:\Users\llouf\OneDrive\Documents\University\opensource\HW2\actions-runner
[2026-04-06 17:34:54Z INFO HostContext] Well known directory 'Bin': 'C:\Users\llouf\OneDrive\Documents\University\opensource\HW2\actions-runner\bin'
[2026-04-06 17:34:54Z INFO HostContext] Well known directory 'Root': 'C:\Users\llouf\OneDrive\Documents\University\opensource\HW2\actions-runner'
[2026-04-06 17:34:54Z INFO HostContext] Well known config file 'Runner': 'C:\Users\llouf\OneDrive\Documents\University\opensource\HW2\actions-runner\.runner'
[2026-04-06 17:34:54Z INFO ConfigurationStore] ConfigFilePath: C:\Users\llouf\OneDrive\Documents\University\opensource\HW2\actions-runner\.runner
[2026-04-06 17:34:54Z INFO HostContext] Well known directory 'Bin': 'C:\Users\llouf\OneDrive\Documents\University\opensource\HW2\actions-runner\bin'
[2026-04-06 17:34:54Z INFO HostContext] Well known directory 'Root': 'C:\Users\llouf\OneDrive\Documents\University\opensource\HW2\actions-runner'
[2026-04-06 17:34:54Z INFO HostContext] Well known config file 'MigratedRunner': 'C:\Users\llouf\OneDrive\Documents\University\opensource\HW2\actions-runner\.runner_migrated'
[2026-04-06 17:34:54Z INFO ConfigurationStore] MigratedConfigFilePath: C:\Users\llouf\OneDrive\Documents\University\opensource\HW2\actions-runner\.runner_migrated
[2026-04-06 17:34:54Z INFO HostContext] Well known directory 'Bin': 'C:\Users\llouf\OneDrive\Documents\University\opensource\HW2\actions-runner\bin'
[2026-04-06 17:34:54Z INFO HostContext] Well known directory 'Root': 'C:\Users\llouf\OneDrive\Documents\University\opensource\HW2\actions-runner'
[2026-04-06 17:34:54Z INFO HostContext] Well known config file 'Credentials': 'C:\Users\llouf\OneDrive\Documents\University\opensource\HW2\actions-runner\.credentials'
[2026-04-06 17:34:54Z INFO ConfigurationStore] CredFilePath: C:\Users\llouf\OneDrive\Documents\University\opensource\HW2\actions-runner\.credentials
[2026-04-06 17:34:54Z INFO HostContext] Well known directory 'Bin': 'C:\Users\llouf\OneDrive\Documents\University\opensource\HW2\actions-runner\bin'
[2026-04-06 17:34:54Z INFO HostContext] Well known directory 'Root': 'C:\Users\llouf\OneDrive\Documents\University\opensource\HW2\actions-runner'
[2026-04-06 17:34:54Z INFO HostContext] Well known config file 'MigratedCredentials': 'C:\Users\llouf\OneDrive\Documents\University\opensource\HW2\actions-runner\.credentials_migrated'
[2026-04-06 17:34:54Z INFO ConfigurationStore] MigratedCredFilePath: C:\Users\llouf\OneDrive\Documents\University\opensource\HW2\actions-runner\.credentials_migrated
[2026-04-06 17:34:54Z INFO HostContext] Well known directory 'Bin': 'C:\Users\llouf\OneDrive\Documents\University\opensource\HW2\actions-runner\bin'
[2026-04-06 17:34:54Z INFO HostContext] Well known directory 'Root': 'C:\Users\llouf\OneDrive\Documents\University\opensource\HW2\actions-runner'
[2026-04-06 17:34:54Z INFO HostContext] Well known config file 'Service': 'C:\Users\llouf\OneDrive\Documents\University\opensource\HW2\actions-runner\.service'
[2026-04-06 17:34:54Z INFO ConfigurationStore] ServiceConfigFilePath: C:\Users\llouf\OneDrive\Documents\University\opensource\HW2\actions-runner\.service
[2026-04-06 17:34:54Z INFO CommandSettings] Flag 'help': 'False'
[2026-04-06 17:34:54Z INFO CommandSettings] Flag 'version': 'False'
[2026-04-06 17:34:54Z INFO CommandSettings] Flag 'commit': 'False'
[2026-04-06 17:34:54Z INFO CommandSettings] Flag 'check': 'False'
[2026-04-06 17:34:54Z INFO CommandSettings] Command 'configure': 'False'
[2026-04-06 17:34:54Z INFO CommandSettings] Command 'remove': 'False'
[2026-04-06 17:34:54Z INFO CommandSettings] Command 'warmup': 'False'
[2026-04-06 17:34:54Z INFO ConfigurationManager] LoadSettings
[2026-04-06 17:34:54Z INFO ConfigurationStore] IsConfigured()
[2026-04-06 17:34:54Z INFO ConfigurationStore] IsConfigured: True
[2026-04-06 17:34:54Z INFO ConfigurationManager] Is configured: True
[2026-04-06 17:34:54Z INFO ConfigurationStore] Read setting file: 377 chars
[2026-04-06 17:34:54Z INFO ConfigurationManager] Settings Loaded
[2026-04-06 17:34:54Z INFO ConfigurationStore] IsServiceConfigured()
[2026-04-06 17:34:54Z INFO ConfigurationStore] IsServiceConfigured: False
[2026-04-06 17:34:54Z INFO CommandSettings] Command 'run': 'True'
[2026-04-06 17:34:54Z INFO ConfigurationStore] IsConfigured()
[2026-04-06 17:34:54Z INFO ConfigurationStore] IsConfigured: True
[2026-04-06 17:34:54Z INFO ConfigurationManager] Is configured: True
[2026-04-06 17:34:54Z INFO Runner] Could not parse the argument value '' for StartupType. Defaulting to Manual
[2026-04-06 17:34:54Z INFO Runner] Set runner startup type - Manual
[2026-04-06 17:34:54Z INFO CommandSettings] Flag 'once': 'False'
[2026-04-06 17:34:54Z INFO CommandSettings] Flag 'once': 'False'
[2026-04-06 17:34:54Z INFO Runner] RunAsync
[2026-04-06 17:34:54Z INFO HostContext] Well known directory 'Bin': 'C:\Users\llouf\OneDrive\Documents\University\opensource\HW2\actions-runner\bin'
[2026-04-06 17:34:54Z INFO HostContext] Well known directory 'Root': 'C:\Users\llouf\OneDrive\Documents\University\opensource\HW2\actions-runner'
[2026-04-06 17:34:54Z INFO HostContext] Well known directory 'Work': 'C:\Users\llouf\OneDrive\Documents\University\opensource\HW2\actions-runner\_work'
[2026-04-06 17:34:54Z INFO Runner] Validating directory permissions for: 'C:\Users\llouf\OneDrive\Documents\University\opensource\HW2\actions-runner\_work'
[2026-04-06 17:34:54Z INFO ConfigurationManager] LoadMigratedSettings
[2026-04-06 17:34:54Z INFO ConfigurationStore] IsMigratedConfigured()
[2026-04-06 17:34:54Z INFO ConfigurationStore] IsMigratedConfigured: False
[2026-04-06 17:34:54Z INFO Runner] Failed to load migrated settings: No migrated configuration found.
[2026-04-06 17:34:54Z INFO Runner] Falling back to original .runner settings
[2026-04-06 17:34:54Z INFO Runner] Using BrokerMessageListener
[2026-04-06 17:34:54Z INFO BrokerMessageListener] Using provided settings
[2026-04-06 17:34:54Z INFO BrokerMessageListener] {
  "AgentId": 3,
  "AgentName": "한준희",
  "PoolId": 1,
  "PoolName": "Default",
  "ServerUrl": "https://pipelinesghubeus22.actions.githubusercontent.com/3Ic9KsRcTJnpzZHjb18MrNaaA6xgPqRXX5TmcH75x1cWN89e8o/",
  "GitHubUrl": "https://github.com/0armer/hw2",
  "WorkFolder": "_work",
  "UseV2Flow": true,
  "ServerUrlV2": "https://broker.actions.githubusercontent.com/"
}
[2026-04-06 17:34:54Z INFO BrokerMessageListener] Loading Credentials
[2026-04-06 17:34:54Z INFO ConfigurationStore] HasCredentials()
[2026-04-06 17:34:54Z INFO ConfigurationStore] stored True
[2026-04-06 17:34:54Z INFO CredentialManager] GetCredentialProvider
[2026-04-06 17:34:54Z INFO CredentialManager] Creating type OAuth
[2026-04-06 17:34:54Z INFO CredentialManager] Creating credential type: OAuth
[2026-04-06 17:34:54Z INFO HostContext] Well known directory 'Bin': 'C:\Users\llouf\OneDrive\Documents\University\opensource\HW2\actions-runner\bin'
[2026-04-06 17:34:54Z INFO HostContext] Well known directory 'Root': 'C:\Users\llouf\OneDrive\Documents\University\opensource\HW2\actions-runner'
[2026-04-06 17:34:54Z INFO HostContext] Well known config file 'RSACredentials': 'C:\Users\llouf\OneDrive\Documents\University\opensource\HW2\actions-runner\.credentials_rsaparams'
[2026-04-06 17:34:54Z INFO RSAEncryptedFileKeyManager] Loading RSA key parameters from file C:\Users\llouf\OneDrive\Documents\University\opensource\HW2\actions-runner\.credentials_rsaparams
[2026-04-06 17:34:54Z INFO BrokerMessageListener] Attempt to create session.
[2026-04-06 17:34:54Z INFO BrokerMessageListener] Connecting to the Broker Server...
[2026-04-06 17:34:54Z INFO ConfigurationStore] HasCredentials()
[2026-04-06 17:34:54Z INFO ConfigurationStore] stored True
[2026-04-06 17:34:54Z INFO CredentialManager] GetCredentialProvider
[2026-04-06 17:34:54Z INFO CredentialManager] Creating type OAuth
[2026-04-06 17:34:54Z INFO CredentialManager] Creating credential type: OAuth
[2026-04-06 17:34:54Z INFO RSAEncryptedFileKeyManager] Loading RSA key parameters from file C:\Users\llouf\OneDrive\Documents\University\opensource\HW2\actions-runner\.credentials_rsaparams
[2026-04-06 17:34:54Z INFO BrokerMessageListener] VssConnection created
[2026-04-06 17:34:54Z INFO BrokerMessageListener] Connecting to the Runner server...
[2026-04-06 17:34:54Z INFO RunnerServer] EstablishVssConnection
[2026-04-06 17:34:54Z INFO RunnerServer] Establish connection with 100 seconds timeout.
[2026-04-06 17:34:54Z INFO GitHubActionsService] Starting operation Location.GetConnectionData
[2026-04-06 17:34:54Z INFO RunnerServer] EstablishVssConnection
[2026-04-06 17:34:54Z INFO RunnerServer] Establish connection with 60 seconds timeout.
[2026-04-06 17:34:54Z INFO GitHubActionsService] Starting operation Location.GetConnectionData
[2026-04-06 17:34:54Z INFO RunnerServer] EstablishVssConnection
[2026-04-06 17:34:54Z INFO RunnerServer] Establish connection with 60 seconds timeout.
[2026-04-06 17:34:54Z INFO GitHubActionsService] Starting operation Location.GetConnectionData
[2026-04-06 17:34:55Z INFO GitHubActionsService] Finished operation Location.GetConnectionData
[2026-04-06 17:34:55Z INFO GitHubActionsService] Finished operation Location.GetConnectionData
[2026-04-06 17:34:55Z INFO GitHubActionsService] Finished operation Location.GetConnectionData
[2026-04-06 17:34:55Z INFO BrokerMessageListener] VssConnection created
[2026-04-06 17:34:55Z INFO Terminal] WRITE LINE: 
[2026-04-06 17:34:55Z INFO Terminal] WRITE LINE: 
[2026-04-06 17:34:55Z INFO RSAEncryptedFileKeyManager] Loading RSA key parameters from file C:\Users\llouf\OneDrive\Documents\University\opensource\HW2\actions-runner\.credentials_rsaparams
[2026-04-06 17:34:55Z INFO RSAEncryptedFileKeyManager] Loading RSA key parameters from file C:\Users\llouf\OneDrive\Documents\University\opensource\HW2\actions-runner\.credentials_rsaparams
[2026-04-06 17:34:56Z INFO GitHubActionsService] AAD Correlation ID for this token request: Unknown
[2026-04-06 17:34:56Z INFO BrokerMessageListener] Session created.
[2026-04-06 17:34:56Z INFO Terminal] WRITE LINE: Current runner version: '2.333.1'
[2026-04-06 17:34:56Z INFO Terminal] WRITE LINE: 2026-04-06 17:34:56Z: Listening for Jobs
[2026-04-06 17:34:56Z INFO JobDispatcher] Set runner/worker IPC timeout to 30 seconds.
[2026-04-06 17:34:58Z INFO BrokerMessageListener] Acknowledging runner request '9b745d68-5eb6-5d7f-b6ff-ab52e68a8cb2'.
[2026-04-06 17:34:58Z INFO ConfigurationStore] HasCredentials()
[2026-04-06 17:34:58Z INFO ConfigurationStore] stored True
[2026-04-06 17:34:58Z INFO CredentialManager] GetCredentialProvider
[2026-04-06 17:34:58Z INFO CredentialManager] Creating type OAuth
[2026-04-06 17:34:58Z INFO CredentialManager] Creating credential type: OAuth
[2026-04-06 17:34:58Z INFO RSAEncryptedFileKeyManager] Loading RSA key parameters from file C:\Users\llouf\OneDrive\Documents\University\opensource\HW2\actions-runner\.credentials_rsaparams
[2026-04-06 17:34:58Z INFO RSAEncryptedFileKeyManager] Loading RSA key parameters from file C:\Users\llouf\OneDrive\Documents\University\opensource\HW2\actions-runner\.credentials_rsaparams
[2026-04-06 17:34:58Z INFO RSAEncryptedFileKeyManager] Loading RSA key parameters from file C:\Users\llouf\OneDrive\Documents\University\opensource\HW2\actions-runner\.credentials_rsaparams
[2026-04-06 17:34:59Z INFO GitHubActionsService] AAD Correlation ID for this token request: Unknown
[2026-04-06 17:35:00Z INFO JobDispatcher] Job request 0 for plan fe4769b7-9cfa-469c-9d2f-b80ec0864c38 job 9b745d68-5eb6-5d7f-b6ff-ab52e68a8cb2 received.
[2026-04-06 17:35:00Z INFO JobDispatcher] Pull OrchestrationId fe4769b7-9cfa-469c-9d2f-b80ec0864c38.deploy.__default from JWT claims
[2026-04-06 17:35:00Z INFO BrokerMessageListener] Received job status event. JobState: Busy
[2026-04-06 17:35:00Z INFO BrokerMessageListener] _getMessagesTokenSource is already disposed.
[2026-04-06 17:35:00Z INFO Terminal] WRITE LINE: 2026-04-06 17:35:00Z: Running job: Deploy to Self-Hosted Runner
[2026-04-06 17:35:00Z INFO JobDispatcher] Start renew job request 0 for job 9b745d68-5eb6-5d7f-b6ff-ab52e68a8cb2.
[2026-04-06 17:35:01Z INFO JobDispatcher] Successfully renew job 9b745d68-5eb6-5d7f-b6ff-ab52e68a8cb2, job is valid till 2026-04-06 오후 5:45:00
[2026-04-06 17:35:01Z INFO HostContext] Well known directory 'Bin': 'C:\Users\llouf\OneDrive\Documents\University\opensource\HW2\actions-runner\bin'
[2026-04-06 17:35:01Z INFO ProcessInvokerWrapper] Starting process:
[2026-04-06 17:35:01Z INFO ProcessInvokerWrapper]   File name: 'C:\Users\llouf\OneDrive\Documents\University\opensource\HW2\actions-runner\bin\Runner.Worker.exe'
[2026-04-06 17:35:01Z INFO ProcessInvokerWrapper]   Arguments: 'spawnclient 2236 2260'
[2026-04-06 17:35:01Z INFO ProcessInvokerWrapper]   Working directory: 'C:\Users\llouf\OneDrive\Documents\University\opensource\HW2\actions-runner\bin'
[2026-04-06 17:35:01Z INFO ProcessInvokerWrapper]   Require exit code zero: 'False'
[2026-04-06 17:35:01Z INFO ProcessInvokerWrapper]   Encoding web name:  ; code page: ''
[2026-04-06 17:35:01Z INFO ProcessInvokerWrapper]   Force kill process on cancellation: 'True'
[2026-04-06 17:35:01Z INFO ProcessInvokerWrapper]   Redirected STDIN: 'False'
[2026-04-06 17:35:01Z INFO ProcessInvokerWrapper]   Persist current code page: 'False'
[2026-04-06 17:35:01Z INFO ProcessInvokerWrapper]   Keep redirected STDIN open: 'False'
[2026-04-06 17:35:01Z INFO ProcessInvokerWrapper]   High priority process: 'True'
[2026-04-06 17:35:01Z INFO ProcessInvokerWrapper] Process started with process id 9084, waiting for process exit.
[2026-04-06 17:35:01Z INFO JobDispatcher] Send job request message to worker for job 9b745d68-5eb6-5d7f-b6ff-ab52e68a8cb2.
[2026-04-06 17:35:01Z INFO ProcessChannel] Sending message of length 20844, with hash '0b9be7fd218754dace04ab9fc1efc4de9c61b5596dcb95bba60879a1db96165c'
[2026-04-06 17:35:01Z INFO JobNotification] Entering JobStarted Notification
[2026-04-06 17:35:01Z INFO JobNotification] Entering StartMonitor
[2026-04-06 17:35:12Z INFO ProcessInvokerWrapper] STDOUT/STDERR stream read finished.
[2026-04-06 17:35:12Z INFO ProcessInvokerWrapper] STDOUT/STDERR stream read finished.
[2026-04-06 17:35:12Z INFO ProcessInvokerWrapper] Finished process 9084 with exit code 102, and elapsed time 00:00:11.1244537.
[2026-04-06 17:35:12Z INFO JobDispatcher] Worker finished for job 9b745d68-5eb6-5d7f-b6ff-ab52e68a8cb2. Code: 102
[2026-04-06 17:35:12Z INFO JobDispatcher] finish job request for job 9b745d68-5eb6-5d7f-b6ff-ab52e68a8cb2 with result: Failed
[2026-04-06 17:35:12Z INFO Terminal] WRITE LINE: 2026-04-06 17:35:12Z: Job Deploy to Self-Hosted Runner completed with result: Failed
[2026-04-06 17:35:12Z INFO JobDispatcher] Stop renew job request for job 9b745d68-5eb6-5d7f-b6ff-ab52e68a8cb2.
[2026-04-06 17:35:12Z INFO JobDispatcher] job renew has been cancelled, stop renew job 9b745d68-5eb6-5d7f-b6ff-ab52e68a8cb2.
[2026-04-06 17:35:12Z INFO JobNotification] Entering JobCompleted Notification
[2026-04-06 17:35:12Z INFO JobNotification] Entering EndMonitor
[2026-04-06 17:35:12Z INFO BrokerMessageListener] Received job status event. JobState: Online
[2026-04-06 17:35:12Z WARN GitHubActionsService] GET request to https://broker.actions.githubusercontent.com/message?sessionId=6583f662-82ad-4a59-8692-b8c8d07e5fb0&status=Busy&runnerVersion=2.333.1&os=Windows&architecture=X64&disableUpdate=false has been cancelled.
[2026-04-06 17:35:12Z ERR  BrokerServer] Catch exception during request
[2026-04-06 17:35:12Z ERR  BrokerServer] System.Threading.Tasks.TaskCanceledException: The operation was canceled.
 ---> System.Threading.Tasks.TaskCanceledException: The operation was canceled.
 ---> System.IO.IOException: Unable to read data from the transport connection: 스레드 종료 또는 응용 프로그램 요청 때문에 I/O 작업이 취소되었습니다..
 ---> System.Net.Sockets.SocketException (995): 스레드 종료 또는 응용 프로그램 요청 때문에 I/O 작업이 취소되었습니다.
   --- End of inner exception stack trace ---
   at System.Net.Sockets.Socket.AwaitableSocketAsyncEventArgs.ThrowException(SocketError error, CancellationToken cancellationToken)
   at System.Net.Sockets.Socket.AwaitableSocketAsyncEventArgs.System.Threading.Tasks.Sources.IValueTaskSource<System.Int32>.GetResult(Int16 token)
   at System.Net.Security.SslStream.EnsureFullTlsFrameAsync[TIOAdapter](CancellationToken cancellationToken, Int32 estimatedSize)
   at System.Runtime.CompilerServices.PoolingAsyncValueTaskMethodBuilder`1.StateMachineBox`1.System.Threading.Tasks.Sources.IValueTaskSource<TResult>.GetResult(Int16 token)
   at System.Net.Security.SslStream.ReadAsyncInternal[TIOAdapter](Memory`1 buffer, CancellationToken cancellationToken)
   at System.Runtime.CompilerServices.PoolingAsyncValueTaskMethodBuilder`1.StateMachineBox`1.System.Threading.Tasks.Sources.IValueTaskSource<TResult>.GetResult(Int16 token)
   at System.Net.Http.HttpConnection.SendAsync(HttpRequestMessage request, Boolean async, CancellationToken cancellationToken)
   --- End of inner exception stack trace ---
   at System.Net.Http.HttpConnection.SendAsync(HttpRequestMessage request, Boolean async, CancellationToken cancellationToken)
   at System.Net.Http.AuthenticationHelper.SendWithNtAuthAsync(HttpRequestMessage request, Uri authUri, Boolean async, ICredentials credentials, Boolean isProxyAuth, HttpConnection connection, HttpConnectionPool connectionPool, CancellationToken cancellationToken)
   at System.Net.Http.HttpConnectionPool.SendWithVersionDetectionAndRetryAsync(HttpRequestMessage request, Boolean async, Boolean doRequestAuth, CancellationToken cancellationToken)
   at System.Net.Http.AuthenticationHelper.SendWithAuthAsync(HttpRequestMessage request, Uri authUri, Boolean async, ICredentials credentials, Boolean preAuthenticate, Boolean isProxyAuth, Boolean doRequestAuth, HttpConnectionPool pool, CancellationToken cancellationToken)
   at System.Net.Http.RedirectHandler.SendAsync(HttpRequestMessage request, Boolean async, CancellationToken cancellationToken)
   at GitHub.Services.Common.RawHttpMessageHandler.SendAsync(HttpRequestMessage request, CancellationToken cancellationToken)
   at GitHub.Services.Common.VssHttpRetryMessageHandler.SendAsync(HttpRequestMessage request, CancellationToken cancellationToken)
   at System.Net.Http.HttpClient.<SendAsync>g__Core|83_0(HttpRequestMessage request, HttpCompletionOption completionOption, CancellationTokenSource cts, Boolean disposeCts, CancellationTokenSource pendingRequestsCts, CancellationToken originalCancellationToken)
   --- End of inner exception stack trace ---
   at System.Net.Http.HttpClient.HandleFailure(Exception e, Boolean telemetryStarted, HttpResponseMessage response, CancellationTokenSource cts, CancellationToken cancellationToken, CancellationTokenSource pendingRequestsCts)
   at System.Net.Http.HttpClient.<SendAsync>g__Core|83_0(HttpRequestMessage request, HttpCompletionOption completionOption, CancellationTokenSource cts, Boolean disposeCts, CancellationTokenSource pendingRequestsCts, CancellationToken originalCancellationToken)
   at Sdk.WebApi.WebApi.RawHttpClientBase.SendAsync(HttpRequestMessage message, HttpCompletionOption completionOption, Object userState, CancellationToken cancellationToken)
   at Sdk.WebApi.WebApi.RawHttpClientBase.SendAsync[T](HttpRequestMessage message, Boolean readErrorBody, Object userState, CancellationToken cancellationToken)
   at Sdk.WebApi.WebApi.RawHttpClientBase.SendAsync[T](HttpMethod method, IEnumerable`1 additionalHeaders, Uri requestUri, HttpContent content, IEnumerable`1 queryParameters, Boolean readErrorBody, Object userState, CancellationToken cancellationToken)
   at GitHub.Actions.RunService.WebApi.BrokerHttpClient.GetRunnerMessageAsync(Nullable`1 sessionId, String runnerVersion, Nullable`1 status, String os, String architecture, Nullable`1 disableUpdate, CancellationToken cancellationToken)
   at GitHub.Runner.Common.BrokerServer.<>c__DisplayClass7_0.<<GetRunnerMessageAsync>b__0>d.MoveNext()
--- End of stack trace from previous location ---
   at GitHub.Runner.Common.RunnerService.RetryRequest[T](Func`1 func, CancellationToken cancellationToken, Int32 maxAttempts, Func`2 shouldRetry)
[2026-04-06 17:35:12Z ERR  BrokerServer] #####################################################
[2026-04-06 17:35:12Z ERR  BrokerServer] System.Threading.Tasks.TaskCanceledException: The operation was canceled.
 ---> System.IO.IOException: Unable to read data from the transport connection: 스레드 종료 또는 응용 프로그램 요청 때문에 I/O 작업이 취소되었습니다..
 ---> System.Net.Sockets.SocketException (995): 스레드 종료 또는 응용 프로그램 요청 때문에 I/O 작업이 취소되었습니다.
   --- End of inner exception stack trace ---
   at System.Net.Sockets.Socket.AwaitableSocketAsyncEventArgs.ThrowException(SocketError error, CancellationToken cancellationToken)
   at System.Net.Sockets.Socket.AwaitableSocketAsyncEventArgs.System.Threading.Tasks.Sources.IValueTaskSource<System.Int32>.GetResult(Int16 token)
   at System.Net.Security.SslStream.EnsureFullTlsFrameAsync[TIOAdapter](CancellationToken cancellationToken, Int32 estimatedSize)
   at System.Runtime.CompilerServices.PoolingAsyncValueTaskMethodBuilder`1.StateMachineBox`1.System.Threading.Tasks.Sources.IValueTaskSource<TResult>.GetResult(Int16 token)
   at System.Net.Security.SslStream.ReadAsyncInternal[TIOAdapter](Memory`1 buffer, CancellationToken cancellationToken)
   at System.Runtime.CompilerServices.PoolingAsyncValueTaskMethodBuilder`1.StateMachineBox`1.System.Threading.Tasks.Sources.IValueTaskSource<TResult>.GetResult(Int16 token)
   at System.Net.Http.HttpConnection.SendAsync(HttpRequestMessage request, Boolean async, CancellationToken cancellationToken)
   --- End of inner exception stack trace ---
   at System.Net.Http.HttpConnection.SendAsync(HttpRequestMessage request, Boolean async, CancellationToken cancellationToken)
   at System.Net.Http.AuthenticationHelper.SendWithNtAuthAsync(HttpRequestMessage request, Uri authUri, Boolean async, ICredentials credentials, Boolean isProxyAuth, HttpConnection connection, HttpConnectionPool connectionPool, CancellationToken cancellationToken)
   at System.Net.Http.HttpConnectionPool.SendWithVersionDetectionAndRetryAsync(HttpRequestMessage request, Boolean async, Boolean doRequestAuth, CancellationToken cancellationToken)
   at System.Net.Http.AuthenticationHelper.SendWithAuthAsync(HttpRequestMessage request, Uri authUri, Boolean async, ICredentials credentials, Boolean preAuthenticate, Boolean isProxyAuth, Boolean doRequestAuth, HttpConnectionPool pool, CancellationToken cancellationToken)
   at System.Net.Http.RedirectHandler.SendAsync(HttpRequestMessage request, Boolean async, CancellationToken cancellationToken)
   at GitHub.Services.Common.RawHttpMessageHandler.SendAsync(HttpRequestMessage request, CancellationToken cancellationToken)
   at GitHub.Services.Common.VssHttpRetryMessageHandler.SendAsync(HttpRequestMessage request, CancellationToken cancellationToken)
   at System.Net.Http.HttpClient.<SendAsync>g__Core|83_0(HttpRequestMessage request, HttpCompletionOption completionOption, CancellationTokenSource cts, Boolean disposeCts, CancellationTokenSource pendingRequestsCts, CancellationToken originalCancellationToken)
[2026-04-06 17:35:12Z ERR  BrokerServer] #####################################################
[2026-04-06 17:35:12Z ERR  BrokerServer] System.IO.IOException: Unable to read data from the transport connection: 스레드 종료 또는 응용 프로그램 요청 때문에 I/O 작업이 취소되었습니다..
 ---> System.Net.Sockets.SocketException (995): 스레드 종료 또는 응용 프로그램 요청 때문에 I/O 작업이 취소되었습니다.
   --- End of inner exception stack trace ---
   at System.Net.Sockets.Socket.AwaitableSocketAsyncEventArgs.ThrowException(SocketError error, CancellationToken cancellationToken)
   at System.Net.Sockets.Socket.AwaitableSocketAsyncEventArgs.System.Threading.Tasks.Sources.IValueTaskSource<System.Int32>.GetResult(Int16 token)
   at System.Net.Security.SslStream.EnsureFullTlsFrameAsync[TIOAdapter](CancellationToken cancellationToken, Int32 estimatedSize)
   at System.Runtime.CompilerServices.PoolingAsyncValueTaskMethodBuilder`1.StateMachineBox`1.System.Threading.Tasks.Sources.IValueTaskSource<TResult>.GetResult(Int16 token)
   at System.Net.Security.SslStream.ReadAsyncInternal[TIOAdapter](Memory`1 buffer, CancellationToken cancellationToken)
   at System.Runtime.CompilerServices.PoolingAsyncValueTaskMethodBuilder`1.StateMachineBox`1.System.Threading.Tasks.Sources.IValueTaskSource<TResult>.GetResult(Int16 token)
   at System.Net.Http.HttpConnection.SendAsync(HttpRequestMessage request, Boolean async, CancellationToken cancellationToken)
[2026-04-06 17:35:12Z ERR  BrokerServer] #####################################################
[2026-04-06 17:35:12Z ERR  BrokerServer] System.Net.Sockets.SocketException (995): 스레드 종료 또는 응용 프로그램 요청 때문에 I/O 작업이 취소되었습니다.
[2026-04-06 17:35:12Z WARN BrokerServer] Back off 11.392 seconds before next retry. 4 attempt left.
[2026-04-06 17:35:12Z INFO BrokerMessageListener] Get messages has been cancelled using local token source. Continue to get messages with new status.
[2026-04-06 17:37:57Z INFO BrokerMessageListener] Acknowledging runner request '3aff0876-3fbd-5ced-8716-bd00758f8dcb'.
[2026-04-06 17:37:57Z INFO ConfigurationStore] HasCredentials()
[2026-04-06 17:37:57Z INFO ConfigurationStore] stored True
[2026-04-06 17:37:57Z INFO CredentialManager] GetCredentialProvider
[2026-04-06 17:37:57Z INFO CredentialManager] Creating type OAuth
[2026-04-06 17:37:57Z INFO CredentialManager] Creating credential type: OAuth
[2026-04-06 17:37:57Z INFO RSAEncryptedFileKeyManager] Loading RSA key parameters from file C:\Users\llouf\OneDrive\Documents\University\opensource\HW2\actions-runner\.credentials_rsaparams
[2026-04-06 17:37:57Z INFO RSAEncryptedFileKeyManager] Loading RSA key parameters from file C:\Users\llouf\OneDrive\Documents\University\opensource\HW2\actions-runner\.credentials_rsaparams
[2026-04-06 17:37:57Z INFO RSAEncryptedFileKeyManager] Loading RSA key parameters from file C:\Users\llouf\OneDrive\Documents\University\opensource\HW2\actions-runner\.credentials_rsaparams
[2026-04-06 17:37:58Z INFO GitHubActionsService] AAD Correlation ID for this token request: Unknown
[2026-04-06 17:37:59Z INFO JobDispatcher] Job request 0 for plan 3dfa8f61-a299-4209-b05a-6feda0712363 job 3aff0876-3fbd-5ced-8716-bd00758f8dcb received.
[2026-04-06 17:37:59Z INFO JobDispatcher] Pull OrchestrationId 3dfa8f61-a299-4209-b05a-6feda0712363.deploy.__default from JWT claims
[2026-04-06 17:37:59Z INFO BrokerMessageListener] Received job status event. JobState: Busy
[2026-04-06 17:37:59Z INFO BrokerMessageListener] _getMessagesTokenSource is already disposed.
[2026-04-06 17:37:59Z INFO JobDispatcher] Job request 9b745d68-5eb6-5d7f-b6ff-ab52e68a8cb2 processed succeed.
[2026-04-06 17:37:59Z INFO Terminal] WRITE LINE: 2026-04-06 17:37:59Z: Running job: Deploy to Self-Hosted Runner
[2026-04-06 17:37:59Z INFO JobDispatcher] Start renew job request 0 for job 3aff0876-3fbd-5ced-8716-bd00758f8dcb.
[2026-04-06 17:38:00Z INFO JobDispatcher] Successfully renew job 3aff0876-3fbd-5ced-8716-bd00758f8dcb, job is valid till 2026-04-06 오후 5:47:59
[2026-04-06 17:38:00Z INFO HostContext] Well known directory 'Bin': 'C:\Users\llouf\OneDrive\Documents\University\opensource\HW2\actions-runner\bin'
[2026-04-06 17:38:00Z INFO ProcessInvokerWrapper] Starting process:
[2026-04-06 17:38:00Z INFO ProcessInvokerWrapper]   File name: 'C:\Users\llouf\OneDrive\Documents\University\opensource\HW2\actions-runner\bin\Runner.Worker.exe'
[2026-04-06 17:38:00Z INFO ProcessInvokerWrapper]   Arguments: 'spawnclient 1464 2280'
[2026-04-06 17:38:00Z INFO ProcessInvokerWrapper]   Working directory: 'C:\Users\llouf\OneDrive\Documents\University\opensource\HW2\actions-runner\bin'
[2026-04-06 17:38:00Z INFO ProcessInvokerWrapper]   Require exit code zero: 'False'
[2026-04-06 17:38:00Z INFO ProcessInvokerWrapper]   Encoding web name:  ; code page: ''
[2026-04-06 17:38:00Z INFO ProcessInvokerWrapper]   Force kill process on cancellation: 'True'
[2026-04-06 17:38:00Z INFO ProcessInvokerWrapper]   Redirected STDIN: 'False'
[2026-04-06 17:38:00Z INFO ProcessInvokerWrapper]   Persist current code page: 'False'
[2026-04-06 17:38:00Z INFO ProcessInvokerWrapper]   Keep redirected STDIN open: 'False'
[2026-04-06 17:38:00Z INFO ProcessInvokerWrapper]   High priority process: 'True'
[2026-04-06 17:38:00Z INFO ProcessInvokerWrapper] Process started with process id 34380, waiting for process exit.
[2026-04-06 17:38:00Z INFO JobDispatcher] Send job request message to worker for job 3aff0876-3fbd-5ced-8716-bd00758f8dcb.
[2026-04-06 17:38:00Z INFO ProcessChannel] Sending message of length 20847, with hash '329159c24492a5d7121a53f9f56bbf5fd97bc89f80c295be40ef67693856b893'
[2026-04-06 17:38:00Z INFO JobNotification] Entering JobStarted Notification
[2026-04-06 17:38:00Z INFO JobNotification] Entering StartMonitor
[2026-04-06 17:38:22Z INFO ProcessInvokerWrapper] STDOUT/STDERR stream read finished.
[2026-04-06 17:38:22Z INFO ProcessInvokerWrapper] STDOUT/STDERR stream read finished.
[2026-04-06 17:38:22Z INFO ProcessInvokerWrapper] Finished process 34380 with exit code 102, and elapsed time 00:00:21.8427460.
[2026-04-06 17:38:22Z INFO JobDispatcher] Worker finished for job 3aff0876-3fbd-5ced-8716-bd00758f8dcb. Code: 102
[2026-04-06 17:38:22Z INFO JobDispatcher] finish job request for job 3aff0876-3fbd-5ced-8716-bd00758f8dcb with result: Failed
[2026-04-06 17:38:22Z INFO Terminal] WRITE LINE: 2026-04-06 17:38:22Z: Job Deploy to Self-Hosted Runner completed with result: Failed
[2026-04-06 17:38:22Z INFO JobDispatcher] Stop renew job request for job 3aff0876-3fbd-5ced-8716-bd00758f8dcb.
[2026-04-06 17:38:22Z INFO JobDispatcher] job renew has been cancelled, stop renew job 3aff0876-3fbd-5ced-8716-bd00758f8dcb.
[2026-04-06 17:38:22Z INFO JobNotification] Entering JobCompleted Notification
[2026-04-06 17:38:22Z INFO JobNotification] Entering EndMonitor
[2026-04-06 17:38:22Z INFO BrokerMessageListener] Received job status event. JobState: Online
[2026-04-06 17:38:22Z WARN GitHubActionsService] GET request to https://broker.actions.githubusercontent.com/message?sessionId=6583f662-82ad-4a59-8692-b8c8d07e5fb0&status=Busy&runnerVersion=2.333.1&os=Windows&architecture=X64&disableUpdate=false has been cancelled.
[2026-04-06 17:38:22Z ERR  BrokerServer] Catch exception during request
[2026-04-06 17:38:22Z ERR  BrokerServer] System.Threading.Tasks.TaskCanceledException: The operation was canceled.
 ---> System.Threading.Tasks.TaskCanceledException: The operation was canceled.
 ---> System.IO.IOException: Unable to read data from the transport connection: 스레드 종료 또는 응용 프로그램 요청 때문에 I/O 작업이 취소되었습니다..
 ---> System.Net.Sockets.SocketException (995): 스레드 종료 또는 응용 프로그램 요청 때문에 I/O 작업이 취소되었습니다.
   --- End of inner exception stack trace ---
   at System.Net.Sockets.Socket.AwaitableSocketAsyncEventArgs.ThrowException(SocketError error, CancellationToken cancellationToken)
   at System.Net.Sockets.Socket.AwaitableSocketAsyncEventArgs.System.Threading.Tasks.Sources.IValueTaskSource<System.Int32>.GetResult(Int16 token)
   at System.Net.Security.SslStream.EnsureFullTlsFrameAsync[TIOAdapter](CancellationToken cancellationToken, Int32 estimatedSize)
   at System.Runtime.CompilerServices.PoolingAsyncValueTaskMethodBuilder`1.StateMachineBox`1.System.Threading.Tasks.Sources.IValueTaskSource<TResult>.GetResult(Int16 token)
   at System.Net.Security.SslStream.ReadAsyncInternal[TIOAdapter](Memory`1 buffer, CancellationToken cancellationToken)
   at System.Runtime.CompilerServices.PoolingAsyncValueTaskMethodBuilder`1.StateMachineBox`1.System.Threading.Tasks.Sources.IValueTaskSource<TResult>.GetResult(Int16 token)
   at System.Net.Http.HttpConnection.SendAsync(HttpRequestMessage request, Boolean async, CancellationToken cancellationToken)
   --- End of inner exception stack trace ---
   at System.Net.Http.HttpConnection.SendAsync(HttpRequestMessage request, Boolean async, CancellationToken cancellationToken)
   at System.Net.Http.AuthenticationHelper.SendWithNtAuthAsync(HttpRequestMessage request, Uri authUri, Boolean async, ICredentials credentials, Boolean isProxyAuth, HttpConnection connection, HttpConnectionPool connectionPool, CancellationToken cancellationToken)
   at System.Net.Http.HttpConnectionPool.SendWithVersionDetectionAndRetryAsync(HttpRequestMessage request, Boolean async, Boolean doRequestAuth, CancellationToken cancellationToken)
   at System.Net.Http.AuthenticationHelper.SendWithAuthAsync(HttpRequestMessage request, Uri authUri, Boolean async, ICredentials credentials, Boolean preAuthenticate, Boolean isProxyAuth, Boolean doRequestAuth, HttpConnectionPool pool, CancellationToken cancellationToken)
   at System.Net.Http.RedirectHandler.SendAsync(HttpRequestMessage request, Boolean async, CancellationToken cancellationToken)
   at GitHub.Services.Common.RawHttpMessageHandler.SendAsync(HttpRequestMessage request, CancellationToken cancellationToken)
   at GitHub.Services.Common.VssHttpRetryMessageHandler.SendAsync(HttpRequestMessage request, CancellationToken cancellationToken)
   at System.Net.Http.HttpClient.<SendAsync>g__Core|83_0(HttpRequestMessage request, HttpCompletionOption completionOption, CancellationTokenSource cts, Boolean disposeCts, CancellationTokenSource pendingRequestsCts, CancellationToken originalCancellationToken)
   --- End of inner exception stack trace ---
   at System.Net.Http.HttpClient.HandleFailure(Exception e, Boolean telemetryStarted, HttpResponseMessage response, CancellationTokenSource cts, CancellationToken cancellationToken, CancellationTokenSource pendingRequestsCts)
   at System.Net.Http.HttpClient.<SendAsync>g__Core|83_0(HttpRequestMessage request, HttpCompletionOption completionOption, CancellationTokenSource cts, Boolean disposeCts, CancellationTokenSource pendingRequestsCts, CancellationToken originalCancellationToken)
   at Sdk.WebApi.WebApi.RawHttpClientBase.SendAsync(HttpRequestMessage message, HttpCompletionOption completionOption, Object userState, CancellationToken cancellationToken)
   at Sdk.WebApi.WebApi.RawHttpClientBase.SendAsync[T](HttpRequestMessage message, Boolean readErrorBody, Object userState, CancellationToken cancellationToken)
   at Sdk.WebApi.WebApi.RawHttpClientBase.SendAsync[T](HttpMethod method, IEnumerable`1 additionalHeaders, Uri requestUri, HttpContent content, IEnumerable`1 queryParameters, Boolean readErrorBody, Object userState, CancellationToken cancellationToken)
   at GitHub.Actions.RunService.WebApi.BrokerHttpClient.GetRunnerMessageAsync(Nullable`1 sessionId, String runnerVersion, Nullable`1 status, String os, String architecture, Nullable`1 disableUpdate, CancellationToken cancellationToken)
   at GitHub.Runner.Common.BrokerServer.<>c__DisplayClass7_0.<<GetRunnerMessageAsync>b__0>d.MoveNext()
--- End of stack trace from previous location ---
   at GitHub.Runner.Common.RunnerService.RetryRequest[T](Func`1 func, CancellationToken cancellationToken, Int32 maxAttempts, Func`2 shouldRetry)
[2026-04-06 17:38:22Z ERR  BrokerServer] #####################################################
[2026-04-06 17:38:22Z ERR  BrokerServer] System.Threading.Tasks.TaskCanceledException: The operation was canceled.
 ---> System.IO.IOException: Unable to read data from the transport connection: 스레드 종료 또는 응용 프로그램 요청 때문에 I/O 작업이 취소되었습니다..
 ---> System.Net.Sockets.SocketException (995): 스레드 종료 또는 응용 프로그램 요청 때문에 I/O 작업이 취소되었습니다.
   --- End of inner exception stack trace ---
   at System.Net.Sockets.Socket.AwaitableSocketAsyncEventArgs.ThrowException(SocketError error, CancellationToken cancellationToken)
   at System.Net.Sockets.Socket.AwaitableSocketAsyncEventArgs.System.Threading.Tasks.Sources.IValueTaskSource<System.Int32>.GetResult(Int16 token)
   at System.Net.Security.SslStream.EnsureFullTlsFrameAsync[TIOAdapter](CancellationToken cancellationToken, Int32 estimatedSize)
   at System.Runtime.CompilerServices.PoolingAsyncValueTaskMethodBuilder`1.StateMachineBox`1.System.Threading.Tasks.Sources.IValueTaskSource<TResult>.GetResult(Int16 token)
   at System.Net.Security.SslStream.ReadAsyncInternal[TIOAdapter](Memory`1 buffer, CancellationToken cancellationToken)
   at System.Runtime.CompilerServices.PoolingAsyncValueTaskMethodBuilder`1.StateMachineBox`1.System.Threading.Tasks.Sources.IValueTaskSource<TResult>.GetResult(Int16 token)
   at System.Net.Http.HttpConnection.SendAsync(HttpRequestMessage request, Boolean async, CancellationToken cancellationToken)
   --- End of inner exception stack trace ---
   at System.Net.Http.HttpConnection.SendAsync(HttpRequestMessage request, Boolean async, CancellationToken cancellationToken)
   at System.Net.Http.AuthenticationHelper.SendWithNtAuthAsync(HttpRequestMessage request, Uri authUri, Boolean async, ICredentials credentials, Boolean isProxyAuth, HttpConnection connection, HttpConnectionPool connectionPool, CancellationToken cancellationToken)
   at System.Net.Http.HttpConnectionPool.SendWithVersionDetectionAndRetryAsync(HttpRequestMessage request, Boolean async, Boolean doRequestAuth, CancellationToken cancellationToken)
   at System.Net.Http.AuthenticationHelper.SendWithAuthAsync(HttpRequestMessage request, Uri authUri, Boolean async, ICredentials credentials, Boolean preAuthenticate, Boolean isProxyAuth, Boolean doRequestAuth, HttpConnectionPool pool, CancellationToken cancellationToken)
   at System.Net.Http.RedirectHandler.SendAsync(HttpRequestMessage request, Boolean async, CancellationToken cancellationToken)
   at GitHub.Services.Common.RawHttpMessageHandler.SendAsync(HttpRequestMessage request, CancellationToken cancellationToken)
   at GitHub.Services.Common.VssHttpRetryMessageHandler.SendAsync(HttpRequestMessage request, CancellationToken cancellationToken)
   at System.Net.Http.HttpClient.<SendAsync>g__Core|83_0(HttpRequestMessage request, HttpCompletionOption completionOption, CancellationTokenSource cts, Boolean disposeCts, CancellationTokenSource pendingRequestsCts, CancellationToken originalCancellationToken)
[2026-04-06 17:38:22Z ERR  BrokerServer] #####################################################
[2026-04-06 17:38:22Z ERR  BrokerServer] System.IO.IOException: Unable to read data from the transport connection: 스레드 종료 또는 응용 프로그램 요청 때문에 I/O 작업이 취소되었습니다..
 ---> System.Net.Sockets.SocketException (995): 스레드 종료 또는 응용 프로그램 요청 때문에 I/O 작업이 취소되었습니다.
   --- End of inner exception stack trace ---
   at System.Net.Sockets.Socket.AwaitableSocketAsyncEventArgs.ThrowException(SocketError error, CancellationToken cancellationToken)
   at System.Net.Sockets.Socket.AwaitableSocketAsyncEventArgs.System.Threading.Tasks.Sources.IValueTaskSource<System.Int32>.GetResult(Int16 token)
   at System.Net.Security.SslStream.EnsureFullTlsFrameAsync[TIOAdapter](CancellationToken cancellationToken, Int32 estimatedSize)
   at System.Runtime.CompilerServices.PoolingAsyncValueTaskMethodBuilder`1.StateMachineBox`1.System.Threading.Tasks.Sources.IValueTaskSource<TResult>.GetResult(Int16 token)
   at System.Net.Security.SslStream.ReadAsyncInternal[TIOAdapter](Memory`1 buffer, CancellationToken cancellationToken)
   at System.Runtime.CompilerServices.PoolingAsyncValueTaskMethodBuilder`1.StateMachineBox`1.System.Threading.Tasks.Sources.IValueTaskSource<TResult>.GetResult(Int16 token)
   at System.Net.Http.HttpConnection.SendAsync(HttpRequestMessage request, Boolean async, CancellationToken cancellationToken)
[2026-04-06 17:38:22Z ERR  BrokerServer] #####################################################
[2026-04-06 17:38:22Z ERR  BrokerServer] System.Net.Sockets.SocketException (995): 스레드 종료 또는 응용 프로그램 요청 때문에 I/O 작업이 취소되었습니다.
[2026-04-06 17:38:22Z WARN BrokerServer] Back off 12.335 seconds before next retry. 4 attempt left.
[2026-04-06 17:38:22Z INFO BrokerMessageListener] Get messages has been cancelled using local token source. Continue to get messages with new status.
[2026-04-06 17:39:34Z INFO Terminal] WRITE LINE: Exiting...
[2026-04-06 17:39:34Z INFO ConfigurationStore] IsServiceConfigured()
[2026-04-06 17:39:34Z INFO ConfigurationStore] IsServiceConfigured: False
[2026-04-06 17:39:34Z INFO HostContext] Runner will be shutdown for UserCancelled
[2026-04-06 17:39:34Z WARN GitHubActionsService] GET request to https://broker.actions.githubusercontent.com/message?sessionId=6583f662-82ad-4a59-8692-b8c8d07e5fb0&status=Online&runnerVersion=2.333.1&os=Windows&architecture=X64&disableUpdate=false has been cancelled.
[2026-04-06 17:39:34Z ERR  BrokerServer] Catch exception during request
[2026-04-06 17:39:34Z ERR  BrokerServer] System.Threading.Tasks.TaskCanceledException: The operation was canceled.
 ---> System.Threading.Tasks.TaskCanceledException: The operation was canceled.
 ---> System.IO.IOException: Unable to read data from the transport connection: 스레드 종료 또는 응용 프로그램 요청 때문에 I/O 작업이 취소되었습니다..
 ---> System.Net.Sockets.SocketException (995): 스레드 종료 또는 응용 프로그램 요청 때문에 I/O 작업이 취소되었습니다.
   --- End of inner exception stack trace ---
   at System.Net.Sockets.Socket.AwaitableSocketAsyncEventArgs.System.Threading.Tasks.Sources.IValueTaskSource<System.Int32>.GetResult(Int16 token)
   at System.Net.Security.SslStream.EnsureFullTlsFrameAsync[TIOAdapter](CancellationToken cancellationToken, Int32 estimatedSize)
   at System.Runtime.CompilerServices.PoolingAsyncValueTaskMethodBuilder`1.StateMachineBox`1.System.Threading.Tasks.Sources.IValueTaskSource<TResult>.GetResult(Int16 token)
   at System.Net.Security.SslStream.ReadAsyncInternal[TIOAdapter](Memory`1 buffer, CancellationToken cancellationToken)
   at System.Runtime.CompilerServices.PoolingAsyncValueTaskMethodBuilder`1.StateMachineBox`1.System.Threading.Tasks.Sources.IValueTaskSource<TResult>.GetResult(Int16 token)
   at System.Net.Http.HttpConnection.SendAsync(HttpRequestMessage request, Boolean async, CancellationToken cancellationToken)
   --- End of inner exception stack trace ---
   at System.Net.Http.HttpConnection.SendAsync(HttpRequestMessage request, Boolean async, CancellationToken cancellationToken)
   at System.Net.Http.AuthenticationHelper.SendWithNtAuthAsync(HttpRequestMessage request, Uri authUri, Boolean async, ICredentials credentials, Boolean isProxyAuth, HttpConnection connection, HttpConnectionPool connectionPool, CancellationToken cancellationToken)
   at System.Net.Http.HttpConnectionPool.SendWithVersionDetectionAndRetryAsync(HttpRequestMessage request, Boolean async, Boolean doRequestAuth, CancellationToken cancellationToken)
   at System.Net.Http.AuthenticationHelper.SendWithAuthAsync(HttpRequestMessage request, Uri authUri, Boolean async, ICredentials credentials, Boolean preAuthenticate, Boolean isProxyAuth, Boolean doRequestAuth, HttpConnectionPool pool, CancellationToken cancellationToken)
   at System.Net.Http.RedirectHandler.SendAsync(HttpRequestMessage request, Boolean async, CancellationToken cancellationToken)
   at GitHub.Services.Common.RawHttpMessageHandler.SendAsync(HttpRequestMessage request, CancellationToken cancellationToken)
   at GitHub.Services.Common.VssHttpRetryMessageHandler.SendAsync(HttpRequestMessage request, CancellationToken cancellationToken)
   at System.Net.Http.HttpClient.<SendAsync>g__Core|83_0(HttpRequestMessage request, HttpCompletionOption completionOption, CancellationTokenSource cts, Boolean disposeCts, CancellationTokenSource pendingRequestsCts, CancellationToken originalCancellationToken)
   --- End of inner exception stack trace ---
   at System.Net.Http.HttpClient.HandleFailure(Exception e, Boolean telemetryStarted, HttpResponseMessage response, CancellationTokenSource cts, CancellationToken cancellationToken, CancellationTokenSource pendingRequestsCts)
   at System.Net.Http.HttpClient.<SendAsync>g__Core|83_0(HttpRequestMessage request, HttpCompletionOption completionOption, CancellationTokenSource cts, Boolean disposeCts, CancellationTokenSource pendingRequestsCts, CancellationToken originalCancellationToken)
   at Sdk.WebApi.WebApi.RawHttpClientBase.SendAsync(HttpRequestMessage message, HttpCompletionOption completionOption, Object userState, CancellationToken cancellationToken)
   at Sdk.WebApi.WebApi.RawHttpClientBase.SendAsync[T](HttpRequestMessage message, Boolean readErrorBody, Object userState, CancellationToken cancellationToken)
   at Sdk.WebApi.WebApi.RawHttpClientBase.SendAsync[T](HttpMethod method, IEnumerable`1 additionalHeaders, Uri requestUri, HttpContent content, IEnumerable`1 queryParameters, Boolean readErrorBody, Object userState, CancellationToken cancellationToken)
   at GitHub.Actions.RunService.WebApi.BrokerHttpClient.GetRunnerMessageAsync(Nullable`1 sessionId, String runnerVersion, Nullable`1 status, String os, String architecture, Nullable`1 disableUpdate, CancellationToken cancellationToken)
   at GitHub.Runner.Common.BrokerServer.<>c__DisplayClass7_0.<<GetRunnerMessageAsync>b__0>d.MoveNext()
--- End of stack trace from previous location ---
   at GitHub.Runner.Common.RunnerService.RetryRequest[T](Func`1 func, CancellationToken cancellationToken, Int32 maxAttempts, Func`2 shouldRetry)
[2026-04-06 17:39:34Z ERR  BrokerServer] #####################################################
[2026-04-06 17:39:34Z ERR  BrokerServer] System.Threading.Tasks.TaskCanceledException: The operation was canceled.
 ---> System.IO.IOException: Unable to read data from the transport connection: 스레드 종료 또는 응용 프로그램 요청 때문에 I/O 작업이 취소되었습니다..
 ---> System.Net.Sockets.SocketException (995): 스레드 종료 또는 응용 프로그램 요청 때문에 I/O 작업이 취소되었습니다.
   --- End of inner exception stack trace ---
   at System.Net.Sockets.Socket.AwaitableSocketAsyncEventArgs.System.Threading.Tasks.Sources.IValueTaskSource<System.Int32>.GetResult(Int16 token)
   at System.Net.Security.SslStream.EnsureFullTlsFrameAsync[TIOAdapter](CancellationToken cancellationToken, Int32 estimatedSize)
   at System.Runtime.CompilerServices.PoolingAsyncValueTaskMethodBuilder`1.StateMachineBox`1.System.Threading.Tasks.Sources.IValueTaskSource<TResult>.GetResult(Int16 token)
   at System.Net.Security.SslStream.ReadAsyncInternal[TIOAdapter](Memory`1 buffer, CancellationToken cancellationToken)
   at System.Runtime.CompilerServices.PoolingAsyncValueTaskMethodBuilder`1.StateMachineBox`1.System.Threading.Tasks.Sources.IValueTaskSource<TResult>.GetResult(Int16 token)
   at System.Net.Http.HttpConnection.SendAsync(HttpRequestMessage request, Boolean async, CancellationToken cancellationToken)
   --- End of inner exception stack trace ---
   at System.Net.Http.HttpConnection.SendAsync(HttpRequestMessage request, Boolean async, CancellationToken cancellationToken)
   at System.Net.Http.AuthenticationHelper.SendWithNtAuthAsync(HttpRequestMessage request, Uri authUri, Boolean async, ICredentials credentials, Boolean isProxyAuth, HttpConnection connection, HttpConnectionPool connectionPool, CancellationToken cancellationToken)
   at System.Net.Http.HttpConnectionPool.SendWithVersionDetectionAndRetryAsync(HttpRequestMessage request, Boolean async, Boolean doRequestAuth, CancellationToken cancellationToken)
   at System.Net.Http.AuthenticationHelper.SendWithAuthAsync(HttpRequestMessage request, Uri authUri, Boolean async, ICredentials credentials, Boolean preAuthenticate, Boolean isProxyAuth, Boolean doRequestAuth, HttpConnectionPool pool, CancellationToken cancellationToken)
   at System.Net.Http.RedirectHandler.SendAsync(HttpRequestMessage request, Boolean async, CancellationToken cancellationToken)
   at GitHub.Services.Common.RawHttpMessageHandler.SendAsync(HttpRequestMessage request, CancellationToken cancellationToken)
   at GitHub.Services.Common.VssHttpRetryMessageHandler.SendAsync(HttpRequestMessage request, CancellationToken cancellationToken)
   at System.Net.Http.HttpClient.<SendAsync>g__Core|83_0(HttpRequestMessage request, HttpCompletionOption completionOption, CancellationTokenSource cts, Boolean disposeCts, CancellationTokenSource pendingRequestsCts, CancellationToken originalCancellationToken)
[2026-04-06 17:39:34Z ERR  BrokerServer] #####################################################
[2026-04-06 17:39:34Z ERR  BrokerServer] System.IO.IOException: Unable to read data from the transport connection: 스레드 종료 또는 응용 프로그램 요청 때문에 I/O 작업이 취소되었습니다..
 ---> System.Net.Sockets.SocketException (995): 스레드 종료 또는 응용 프로그램 요청 때문에 I/O 작업이 취소되었습니다.
   --- End of inner exception stack trace ---
   at System.Net.Sockets.Socket.AwaitableSocketAsyncEventArgs.System.Threading.Tasks.Sources.IValueTaskSource<System.Int32>.GetResult(Int16 token)
   at System.Net.Security.SslStream.EnsureFullTlsFrameAsync[TIOAdapter](CancellationToken cancellationToken, Int32 estimatedSize)
   at System.Runtime.CompilerServices.PoolingAsyncValueTaskMethodBuilder`1.StateMachineBox`1.System.Threading.Tasks.Sources.IValueTaskSource<TResult>.GetResult(Int16 token)
   at System.Net.Security.SslStream.ReadAsyncInternal[TIOAdapter](Memory`1 buffer, CancellationToken cancellationToken)
   at System.Runtime.CompilerServices.PoolingAsyncValueTaskMethodBuilder`1.StateMachineBox`1.System.Threading.Tasks.Sources.IValueTaskSource<TResult>.GetResult(Int16 token)
   at System.Net.Http.HttpConnection.SendAsync(HttpRequestMessage request, Boolean async, CancellationToken cancellationToken)
[2026-04-06 17:39:34Z ERR  BrokerServer] #####################################################
[2026-04-06 17:39:34Z ERR  BrokerServer] System.Net.Sockets.SocketException (995): 스레드 종료 또는 응용 프로그램 요청 때문에 I/O 작업이 취소되었습니다.
[2026-04-06 17:39:34Z WARN BrokerServer] Back off 5.17 seconds before next retry. 4 attempt left.
[2026-04-06 17:39:34Z INFO BrokerMessageListener] Get next message has been cancelled.
[2026-04-06 17:39:34Z INFO JobDispatcher] Shutting down JobDispatcher. Make sure all WorkerDispatcher has finished.
[2026-04-06 17:39:34Z INFO JobDispatcher] Ensure WorkerDispatcher for job 3aff0876-3fbd-5ced-8716-bd00758f8dcb run to finish, cancel any running job.
[2026-04-06 17:39:34Z INFO JobDispatcher] Job request 3aff0876-3fbd-5ced-8716-bd00758f8dcb processed succeed.
[2026-04-06 17:39:34Z INFO Runner] Deleting Runner Session...
[2026-04-06 17:39:34Z INFO Listener] Runner execution been cancelled.
