[2026-04-06 17:00:12Z INFO HostContext] No proxy settings were found based on environmental variables (http_proxy/https_proxy/HTTP_PROXY/HTTPS_PROXY)
[2026-04-06 17:00:12Z INFO HostContext] Well known directory 'Bin': 'C:\Users\llouf\OneDrive\Documents\University\opensource\HW2\actions-runner\bin'
[2026-04-06 17:00:12Z INFO HostContext] Well known directory 'Root': 'C:\Users\llouf\OneDrive\Documents\University\opensource\HW2\actions-runner'
[2026-04-06 17:00:12Z INFO HostContext] Well known config file 'Credentials': 'C:\Users\llouf\OneDrive\Documents\University\opensource\HW2\actions-runner\.credentials'
[2026-04-06 17:00:12Z INFO HostContext] Well known directory 'Bin': 'C:\Users\llouf\OneDrive\Documents\University\opensource\HW2\actions-runner\bin'
[2026-04-06 17:00:12Z INFO HostContext] Well known directory 'Root': 'C:\Users\llouf\OneDrive\Documents\University\opensource\HW2\actions-runner'
[2026-04-06 17:00:12Z INFO HostContext] Well known config file 'Runner': 'C:\Users\llouf\OneDrive\Documents\University\opensource\HW2\actions-runner\.runner'
[2026-04-06 17:00:12Z INFO Listener] Runner is built for Windows (X64) - win-x64.
[2026-04-06 17:00:12Z INFO Listener] RuntimeInformation: Microsoft Windows 10.0.26200.
[2026-04-06 17:00:12Z INFO Listener] Version: 2.333.1
[2026-04-06 17:00:12Z INFO Listener] Commit: 6792966801e8925346735b68c03bf9f347af4646
[2026-04-06 17:00:12Z INFO Listener] Culture: ko-KR
[2026-04-06 17:00:12Z INFO Listener] UI Culture: ko-KR
[2026-04-06 17:00:12Z INFO HostContext] Well known directory 'Bin': 'C:\Users\llouf\OneDrive\Documents\University\opensource\HW2\actions-runner\bin'
[2026-04-06 17:00:12Z INFO HostContext] Well known directory 'Root': 'C:\Users\llouf\OneDrive\Documents\University\opensource\HW2\actions-runner'
[2026-04-06 17:00:12Z INFO Listener] Validating directory permissions for: 'C:\Users\llouf\OneDrive\Documents\University\opensource\HW2\actions-runner'
[2026-04-06 17:00:12Z INFO CommandLineParser] Parse
[2026-04-06 17:00:12Z INFO CommandLineParser] Parsing 5 args
[2026-04-06 17:00:12Z INFO CommandLineParser] parsing argument
[2026-04-06 17:00:12Z INFO CommandLineParser] HasArgs: False
[2026-04-06 17:00:12Z INFO CommandLineParser] Adding Command: configure
[2026-04-06 17:00:12Z INFO CommandLineParser] parsing argument
[2026-04-06 17:00:12Z INFO CommandLineParser] HasArgs: True
[2026-04-06 17:00:12Z INFO CommandLineParser] arg: url
[2026-04-06 17:00:12Z INFO CommandLineParser] parsing argument
[2026-04-06 17:00:12Z INFO CommandLineParser] HasArgs: True
[2026-04-06 17:00:12Z INFO CommandLineParser] Adding option 'url': 'https://github.com/0armer/hw2'
[2026-04-06 17:00:12Z INFO CommandLineParser] parsing argument
[2026-04-06 17:00:12Z INFO CommandLineParser] HasArgs: True
[2026-04-06 17:00:12Z INFO CommandLineParser] arg: token
[2026-04-06 17:00:12Z INFO CommandLineParser] parsing argument
[2026-04-06 17:00:12Z INFO CommandLineParser] HasArgs: True
[2026-04-06 17:00:12Z INFO CommandLineParser] Adding option 'token': '***'
[2026-04-06 17:00:12Z INFO Listener] Arguments parsed
[2026-04-06 17:00:12Z INFO Runner] ExecuteCommand
[2026-04-06 17:00:12Z INFO ConfigurationStore] currentAssemblyLocation: C:\Users\llouf\OneDrive\Documents\University\opensource\HW2\actions-runner\bin\Runner.Listener.dll
[2026-04-06 17:00:12Z INFO HostContext] Well known directory 'Bin': 'C:\Users\llouf\OneDrive\Documents\University\opensource\HW2\actions-runner\bin'
[2026-04-06 17:00:12Z INFO ConfigurationStore] binPath: C:\Users\llouf\OneDrive\Documents\University\opensource\HW2\actions-runner\bin
[2026-04-06 17:00:12Z INFO HostContext] Well known directory 'Bin': 'C:\Users\llouf\OneDrive\Documents\University\opensource\HW2\actions-runner\bin'
[2026-04-06 17:00:12Z INFO HostContext] Well known directory 'Root': 'C:\Users\llouf\OneDrive\Documents\University\opensource\HW2\actions-runner'
[2026-04-06 17:00:12Z INFO ConfigurationStore] RootFolder: C:\Users\llouf\OneDrive\Documents\University\opensource\HW2\actions-runner
[2026-04-06 17:00:12Z INFO HostContext] Well known directory 'Bin': 'C:\Users\llouf\OneDrive\Documents\University\opensource\HW2\actions-runner\bin'
[2026-04-06 17:00:12Z INFO HostContext] Well known directory 'Root': 'C:\Users\llouf\OneDrive\Documents\University\opensource\HW2\actions-runner'
[2026-04-06 17:00:12Z INFO HostContext] Well known config file 'Runner': 'C:\Users\llouf\OneDrive\Documents\University\opensource\HW2\actions-runner\.runner'
[2026-04-06 17:00:12Z INFO ConfigurationStore] ConfigFilePath: C:\Users\llouf\OneDrive\Documents\University\opensource\HW2\actions-runner\.runner
[2026-04-06 17:00:12Z INFO HostContext] Well known directory 'Bin': 'C:\Users\llouf\OneDrive\Documents\University\opensource\HW2\actions-runner\bin'
[2026-04-06 17:00:12Z INFO HostContext] Well known directory 'Root': 'C:\Users\llouf\OneDrive\Documents\University\opensource\HW2\actions-runner'
[2026-04-06 17:00:12Z INFO HostContext] Well known config file 'MigratedRunner': 'C:\Users\llouf\OneDrive\Documents\University\opensource\HW2\actions-runner\.runner_migrated'
[2026-04-06 17:00:12Z INFO ConfigurationStore] MigratedConfigFilePath: C:\Users\llouf\OneDrive\Documents\University\opensource\HW2\actions-runner\.runner_migrated
[2026-04-06 17:00:12Z INFO HostContext] Well known directory 'Bin': 'C:\Users\llouf\OneDrive\Documents\University\opensource\HW2\actions-runner\bin'
[2026-04-06 17:00:12Z INFO HostContext] Well known directory 'Root': 'C:\Users\llouf\OneDrive\Documents\University\opensource\HW2\actions-runner'
[2026-04-06 17:00:12Z INFO HostContext] Well known config file 'Credentials': 'C:\Users\llouf\OneDrive\Documents\University\opensource\HW2\actions-runner\.credentials'
[2026-04-06 17:00:12Z INFO ConfigurationStore] CredFilePath: C:\Users\llouf\OneDrive\Documents\University\opensource\HW2\actions-runner\.credentials
[2026-04-06 17:00:12Z INFO HostContext] Well known directory 'Bin': 'C:\Users\llouf\OneDrive\Documents\University\opensource\HW2\actions-runner\bin'
[2026-04-06 17:00:12Z INFO HostContext] Well known directory 'Root': 'C:\Users\llouf\OneDrive\Documents\University\opensource\HW2\actions-runner'
[2026-04-06 17:00:12Z INFO HostContext] Well known config file 'MigratedCredentials': 'C:\Users\llouf\OneDrive\Documents\University\opensource\HW2\actions-runner\.credentials_migrated'
[2026-04-06 17:00:12Z INFO ConfigurationStore] MigratedCredFilePath: C:\Users\llouf\OneDrive\Documents\University\opensource\HW2\actions-runner\.credentials_migrated
[2026-04-06 17:00:12Z INFO HostContext] Well known directory 'Bin': 'C:\Users\llouf\OneDrive\Documents\University\opensource\HW2\actions-runner\bin'
[2026-04-06 17:00:12Z INFO HostContext] Well known directory 'Root': 'C:\Users\llouf\OneDrive\Documents\University\opensource\HW2\actions-runner'
[2026-04-06 17:00:12Z INFO HostContext] Well known config file 'Service': 'C:\Users\llouf\OneDrive\Documents\University\opensource\HW2\actions-runner\.service'
[2026-04-06 17:00:12Z INFO ConfigurationStore] ServiceConfigFilePath: C:\Users\llouf\OneDrive\Documents\University\opensource\HW2\actions-runner\.service
[2026-04-06 17:00:12Z INFO CommandSettings] Flag 'help': 'False'
[2026-04-06 17:00:12Z INFO CommandSettings] Flag 'version': 'False'
[2026-04-06 17:00:12Z INFO CommandSettings] Flag 'commit': 'False'
[2026-04-06 17:00:12Z INFO CommandSettings] Flag 'check': 'False'
[2026-04-06 17:00:12Z INFO CommandSettings] Command 'configure': 'True'
[2026-04-06 17:00:12Z INFO Terminal] WRITE LINE: 
[2026-04-06 17:00:12Z INFO Terminal] WRITE LINE: --------------------------------------------------------------------------------
[2026-04-06 17:00:12Z INFO Terminal] WRITE LINE: |        ____ _ _   _   _       _          _        _   _                      |
[2026-04-06 17:00:12Z INFO Terminal] WRITE LINE: |       / ___(_) |_| | | |_   _| |__      / \   ___| |_(_) ___  _ __  ___      |
[2026-04-06 17:00:12Z INFO Terminal] WRITE LINE: |      | |  _| | __| |_| | | | | '_ \    / _ \ / __| __| |/ _ \| '_ \/ __|     |
[2026-04-06 17:00:12Z INFO Terminal] WRITE LINE: |      | |_| | | |_|  _  | |_| | |_) |  / ___ \ (__| |_| | (_) | | | \__ \     |
[2026-04-06 17:00:12Z INFO Terminal] WRITE LINE: |       \____|_|\__|_| |_|\__,_|_.__/  /_/   \_\___|\__|_|\___/|_| |_|___/     |
[2026-04-06 17:00:12Z INFO Terminal] WRITE LINE: |                                                                              |
[2026-04-06 17:00:12Z INFO Terminal] WRITE: |                       
[2026-04-06 17:00:12Z INFO Terminal] WRITE: Self-hosted runner registration
[2026-04-06 17:00:12Z INFO Terminal] WRITE LINE:                         |
[2026-04-06 17:00:12Z INFO Terminal] WRITE LINE: |                                                                              |
[2026-04-06 17:00:12Z INFO Terminal] WRITE LINE: --------------------------------------------------------------------------------
[2026-04-06 17:00:12Z INFO ConfigurationManager] ConfigureAsync
[2026-04-06 17:00:12Z INFO CommandSettings] Flag 'generateServiceConfig': 'False'
[2026-04-06 17:00:12Z INFO ConfigurationStore] IsConfigured()
[2026-04-06 17:00:12Z INFO ConfigurationStore] IsConfigured: False
[2026-04-06 17:00:12Z INFO ConfigurationManager] Is configured: False
[2026-04-06 17:00:12Z INFO CommandSettings] Arg 'url': 'https://github.com/0armer/hw2'
[2026-04-06 17:00:12Z INFO CommandSettings] Remove url from Arg dictionary.
[2026-04-06 17:00:12Z INFO CommandSettings] Arg 'token': '***'
[2026-04-06 17:00:12Z INFO CommandSettings] Remove token from Arg dictionary.
[2026-04-06 17:00:12Z INFO ConfigurationManager] Http response code: OK from 'POST https://api.github.com/actions/runner-registration' (F578:377E35:1C8883F:244B246:69D3E69B)
[2026-04-06 17:00:12Z INFO ConfigurationManager] Using runner-admin flow: False
[2026-04-06 17:00:12Z INFO ConfigurationManager] cred retrieved via GitHub auth
[2026-04-06 17:00:12Z INFO RunnerServer] EstablishVssConnection
[2026-04-06 17:00:12Z INFO RunnerServer] Establish connection with 100 seconds timeout.
[2026-04-06 17:00:12Z INFO GitHubActionsService] Starting operation Location.GetConnectionData
[2026-04-06 17:00:12Z INFO RunnerServer] EstablishVssConnection
[2026-04-06 17:00:12Z INFO RunnerServer] Establish connection with 60 seconds timeout.
[2026-04-06 17:00:12Z INFO GitHubActionsService] Starting operation Location.GetConnectionData
[2026-04-06 17:00:12Z INFO RunnerServer] EstablishVssConnection
[2026-04-06 17:00:12Z INFO RunnerServer] Establish connection with 60 seconds timeout.
[2026-04-06 17:00:12Z INFO GitHubActionsService] Starting operation Location.GetConnectionData
[2026-04-06 17:00:13Z INFO GitHubActionsService] Finished operation Location.GetConnectionData
[2026-04-06 17:00:13Z INFO GitHubActionsService] Finished operation Location.GetConnectionData
[2026-04-06 17:00:13Z INFO GitHubActionsService] Finished operation Location.GetConnectionData
[2026-04-06 17:00:13Z INFO Terminal] WRITE LINE: 
[2026-04-06 17:00:13Z INFO ConfigurationManager] Test Connection complete.
[2026-04-06 17:00:13Z INFO HostContext] Well known directory 'Bin': 'C:\Users\llouf\OneDrive\Documents\University\opensource\HW2\actions-runner\bin'
[2026-04-06 17:00:13Z INFO HostContext] Well known directory 'Root': 'C:\Users\llouf\OneDrive\Documents\University\opensource\HW2\actions-runner'
[2026-04-06 17:00:13Z INFO HostContext] Well known config file 'RSACredentials': 'C:\Users\llouf\OneDrive\Documents\University\opensource\HW2\actions-runner\.credentials_rsaparams'
[2026-04-06 17:00:13Z INFO RSAEncryptedFileKeyManager] Found existing RSA key parameters file C:\Users\llouf\OneDrive\Documents\University\opensource\HW2\actions-runner\.credentials_rsaparams
[2026-04-06 17:00:13Z INFO CommandSettings] Arg 'runnergroup': ''
[2026-04-06 17:00:13Z INFO CommandSettings] Flag 'unattended': 'False'
[2026-04-06 17:00:13Z INFO PromptManager] ReadValue
[2026-04-06 17:00:13Z INFO Terminal] WRITE: Enter the name of the runner group to add this runner to: 
[2026-04-06 17:00:13Z INFO Terminal] WRITE: [press Enter for Default] 
[2026-04-06 17:00:13Z INFO Terminal] READ LINE
[2026-04-06 17:00:23Z INFO Terminal] Read value: './run.cmd'
[2026-04-06 17:00:23Z INFO Terminal] WRITE LINE: 
[2026-04-06 17:00:23Z ERR  Runner] GitHub.DistributedTask.WebApi.TaskAgentPoolNotFoundException: Could not find any self-hosted runner group named "./run.cmd".
   at GitHub.Runner.Listener.Configuration.ConfigurationManager.ConfigureAsync(CommandSettings command)
   at GitHub.Runner.Listener.Runner.ExecuteCommand(CommandSettings command)
[2026-04-06 17:00:23Z ERR  Terminal] WRITE ERROR: Could not find any self-hosted runner group named "./run.cmd".
[2026-04-06 17:00:23Z INFO Listener] Runner execution has finished with return code 1
